\BOOKMARK [0][-]{section*.2}{\376\377\006\101\006\107\006\061\006\063\006\052\000\040\006\047\006\064\006\251\006\047\006\104}{}% 1
\BOOKMARK [0][-]{section*.3}{\376\377\006\101\006\107\006\061\006\063\006\052\000\040\006\054\006\057\006\047\006\110\006\104}{}% 2
\BOOKMARK [0][-]{chapter.1}{\376\377\006\105\006\102\006\057\006\105\006\107}{}% 3
\BOOKMARK [1][-]{section.1.1}{\376\377\006\064\006\061\006\055\000\040\006\105\006\063\006\047\006\124\006\104\006\107}{chapter.1}% 4
\BOOKMARK [1][-]{section.1.2}{\376\377\006\047\006\107\006\057\006\047\006\101\000\040\006\176\006\061\006\110\006\230\006\107}{chapter.1}% 5
\BOOKMARK [1][-]{section.1.3}{\376\377\006\063\006\047\006\056\006\052\006\047\006\061\000\040\006\257\006\062\006\047\006\061\006\064}{chapter.1}% 6
\BOOKMARK [0][-]{chapter.2}{\376\377\006\105\006\061\006\110\006\061\000\040\006\251\006\047\006\061\040\014\006\107\006\047\006\314\000\040\006\176\006\314\006\064\006\314\006\106}{}% 7
\BOOKMARK [1][-]{section.2.1}{\376\377\006\105\006\102\006\057\006\105\006\107\040\014\006\047\006\314\000\040\006\052\006\102\006\063\006\314\006\105\040\014\006\050\006\106\006\057\006\314\000\040\006\105\006\071\006\106\006\047\006\314\006\314}{chapter.2}% 8
\BOOKMARK [1][-]{section.2.2}{\376\377\006\105\006\071\006\105\006\047\006\061\006\314\000\040\006\061\006\105\006\062\006\257\006\060\006\047\006\061\000-\006\061\006\105\006\062\006\257\006\064\006\047}{chapter.2}% 9
\BOOKMARK [2][-]{subsection.2.2.1}{\376\377\006\064\006\050\006\251\006\107\000\040\006\061\006\105\006\062\006\257\006\060\006\047\006\061}{section.2.2}% 10
\BOOKMARK [2][-]{subsection.2.2.2}{\376\377\006\064\006\050\006\251\006\107\000\040\006\061\006\105\006\062\006\257\006\064\006\047}{section.2.2}% 11
\BOOKMARK [1][-]{section.2.3}{\376\377\006\105\006\071\006\105\006\047\006\061\006\314\040\014\006\107\006\047\006\314\000\040\006\052\006\102\006\063\006\314\006\105\040\014\006\050\006\106\006\057\006\314\000\040\006\105\006\071\006\106\006\047\006\314\006\314\000\040\006\057\006\061\000\040\006\176\006\062\006\064\006\251\006\314}{chapter.2}% 12
\BOOKMARK [2][-]{subsection.2.3.1}{\376\377\006\105\006\071\006\105\006\047\006\061\006\314\000\040\000F\000C\000N}{section.2.3}% 13
\BOOKMARK [2][-]{subsection.2.3.2}{\376\377\006\105\006\071\006\105\006\047\006\061\006\314\000\040\000U\000-\000N\000E\000T}{section.2.3}% 14
\BOOKMARK [1][-]{section.2.4}{\376\377\006\056\006\104\006\047\006\065\006\107}{chapter.2}% 15
\BOOKMARK [0][-]{chapter.3}{\376\377\006\061\006\110\006\064\040\014\006\107\006\047\006\314\000\040\006\176\006\314\006\064\006\106\006\107\006\047\006\057\006\314}{}% 16
\BOOKMARK [1][-]{section.3.1}{\376\377\006\105\006\071\006\105\006\047\006\061\006\314\000\040\006\061\006\105\006\062\006\257\006\060\006\047\006\061\000-\006\061\006\105\006\062\006\257\006\064\006\047}{chapter.3}% 17
\BOOKMARK [2][-]{subsection.3.1.1}{\376\377\006\105\006\057\006\104\000\040\000S\000Q\000N\000e\000t}{section.3.1}% 18
\BOOKMARK [2][-]{subsection.3.1.2}{\376\377\006\105\006\057\006\104\000\040\000E\000N\000e\000t}{section.3.1}% 19
\BOOKMARK [1][-]{section.3.2}{\376\377\006\105\006\071\006\105\006\047\006\061\006\314\000\040\006\057\006\110\000-\006\064\006\047\006\056\006\107}{chapter.3}% 20
\BOOKMARK [2][-]{subsection.3.2.1}{\376\377\006\105\006\057\006\104\000\040\000F\000a\000s\000t\000-\000S\000C\000N\000N}{section.3.2}% 21
\BOOKMARK [1][-]{section.3.3}{\376\377\006\056\006\104\006\047\006\065\006\107}{chapter.3}% 22
\BOOKMARK [0][-]{chapter.4}{\376\377\006\042\006\062\006\105\006\047\006\314\006\064\040\014\006\107\006\047\000\040\006\110\000\040\006\106\006\052\006\047\006\314\006\054}{}% 23
\BOOKMARK [1][-]{section.4.1}{\376\377\006\057\006\047\006\057\006\257\006\047\006\106}{chapter.4}% 24
\BOOKMARK [2][-]{subsection.4.1.1}{\376\377\006\105\006\054\006\105\006\110\006\071\006\107\000\040\006\057\006\047\006\057\006\107\000\040\000C\000i\000t\000y\000s\000c\000a\000p\000e\000s}{section.4.1}% 25
\BOOKMARK [2][-]{subsection.4.1.2}{\376\377\006\105\006\054\006\105\006\110\006\071\006\107\000\040\006\057\006\047\006\057\006\107\000\040\000C\000a\000m\000V\000i\000d}{section.4.1}% 26
\BOOKMARK [1][-]{section.4.2}{\376\377\006\105\006\071\006\314\006\047\006\061\040\014\006\107\006\047\006\314\000\040\006\047\006\061\006\062\006\314\006\047\006\050\006\314}{chapter.4}% 27
\BOOKMARK [1][-]{section.4.3}{\376\377\006\064\006\061\006\047\006\314\006\067\000\040\006\042\006\062\006\105\006\047\006\314\006\064}{chapter.4}% 28
\BOOKMARK [1][-]{section.4.4}{\376\377\006\106\006\052\006\047\006\314\006\054\000\040\006\042\006\062\006\105\006\047\006\314\006\064\000\040\006\110\000\040\006\105\006\102\006\047\006\314\006\063\006\107}{chapter.4}% 29
\BOOKMARK [1][-]{section.4.5}{\376\377\006\056\006\104\006\047\006\065\006\107}{chapter.4}% 30
\BOOKMARK [0][-]{chapter.5}{\376\377\006\106\006\052\006\314\006\054\006\107\000\040\006\257\006\314\006\061\006\314\006\014\000\040\006\054\006\105\006\071\000\040\040\014\006\050\006\106\006\057\006\314\000\040\006\110\000\040\006\176\006\314\006\064\006\106\006\107\006\047\006\057\006\047\006\052}{}% 31
\BOOKMARK [1][-]{section.5.1}{\376\377\006\054\006\105\006\071\040\014\006\050\006\106\006\057\006\112\000\040\006\110\000\040\006\106\006\052\006\112\006\054\006\107\040\014\006\257\006\112\006\061\006\112}{chapter.5}% 32
\BOOKMARK [1][-]{section.5.2}{\376\377\006\176\006\314\006\064\006\106\006\107\006\047\006\057\006\047\006\052\000\040\006\110\000\040\006\251\006\047\006\061\040\014\006\107\006\047\006\314\000\040\006\042\006\052\006\314}{chapter.5}% 33
\BOOKMARK [0][-]{appendix*.21}{\376\377\006\105\006\106\006\047\006\050\006\071\000\040\006\110\000\040\006\105\006\061\006\047\006\054\006\071}{}% 34
\BOOKMARK [0][-]{appendix*.22}{\376\377\006\110\006\047\006\230\006\107\040\014\006\106\006\047\006\105\006\107\040\014\006\314\000\040\006\101\006\047\006\061\006\063\006\314\000\040\006\050\006\107\000\040\006\047\006\106\006\257\006\104\006\314\006\063\006\314}{}% 35
\BOOKMARK [0][-]{appendix*.23}{\376\377\006\110\006\047\006\230\006\107\040\014\006\106\006\047\006\105\006\107\040\014\006\314\000\040\006\047\006\106\006\257\006\104\006\314\006\063\006\314\000\040\006\050\006\107\000\040\006\101\006\047\006\061\006\063\006\314}{}% 36
